e:\ue4github\temporarycolorplate\temporarycolorplate\x64\debug\vc143.pdb
e:\ue4github\temporarycolorplate\temporarycolorplate\x64\debug\vc143.idb
e:\ue4github\temporarycolorplate\temporarycolorplate\x64\debug\temporarycolorplate.obj
e:\ue4github\temporarycolorplate\temporarycolorplate\x64\debug\imgui_widgets.obj
e:\ue4github\temporarycolorplate\temporarycolorplate\x64\debug\imgui_tables.obj
e:\ue4github\temporarycolorplate\temporarycolorplate\x64\debug\imgui_draw.obj
e:\ue4github\temporarycolorplate\temporarycolorplate\x64\debug\imgui_demo.obj
e:\ue4github\temporarycolorplate\temporarycolorplate\x64\debug\imgui.obj
e:\ue4github\temporarycolorplate\x64\debug\temporarycolorplate.pdb
e:\ue4github\temporarycolorplate\temporarycolorplate\x64\debug\temporar.63702b99.tlog\cl.command.1.tlog
e:\ue4github\temporarycolorplate\temporarycolorplate\x64\debug\temporar.63702b99.tlog\cl.read.1.tlog
e:\ue4github\temporarycolorplate\temporarycolorplate\x64\debug\temporar.63702b99.tlog\cl.write.1.tlog
e:\ue4github\temporarycolorplate\temporarycolorplate\x64\debug\temporar.63702b99.tlog\link-cvtres.read.1.tlog
e:\ue4github\temporarycolorplate\temporarycolorplate\x64\debug\temporar.63702b99.tlog\link-cvtres.write.1.tlog
e:\ue4github\temporarycolorplate\temporarycolorplate\x64\debug\temporar.63702b99.tlog\link-rc.read.1.tlog
e:\ue4github\temporarycolorplate\temporarycolorplate\x64\debug\temporar.63702b99.tlog\link-rc.write.1.tlog
e:\ue4github\temporarycolorplate\temporarycolorplate\x64\debug\temporar.63702b99.tlog\link.command.1.tlog
e:\ue4github\temporarycolorplate\temporarycolorplate\x64\debug\temporar.63702b99.tlog\link.read.1.tlog
e:\ue4github\temporarycolorplate\temporarycolorplate\x64\debug\temporar.63702b99.tlog\link.read.2.tlog
e:\ue4github\temporarycolorplate\temporarycolorplate\x64\debug\temporar.63702b99.tlog\link.write.1.tlog
